2026-04-14 20:39:28,373  [INFO]  Adding job tentatively -- it will be properly scheduled when the scheduler starts
2026-04-14 20:39:28,374  [INFO]  Adding job tentatively -- it will be properly scheduled when the scheduler starts
2026-04-14 20:39:28,374  [INFO]  Adding job tentatively -- it will be properly scheduled when the scheduler starts
2026-04-14 20:39:28,374  [INFO]  Adding job tentatively -- it will be properly scheduled when the scheduler starts
2026-04-14 20:39:28,375  [INFO]  Adding job tentatively -- it will be properly scheduled when the scheduler starts
2026-04-14 20:39:28,375  [INFO]  Adding job tentatively -- it will be properly scheduled when the scheduler starts
2026-04-14 20:39:28,375  [INFO]  =======================================================
2026-04-14 20:39:28,375  [INFO]    Geo-Market Scheduler started
2026-04-14 20:39:28,375  [INFO]    RSS:     every 5 min
2026-04-14 20:39:28,376  [INFO]    GDELT:   every 15 min
2026-04-14 20:39:28,376  [INFO]    NewsAPI: every 15 min
2026-04-14 20:39:28,376  [INFO]    Market:  every 15 min
2026-04-14 20:39:28,376  [INFO]    GTI:     every 15 min (+2 min offset)
2026-04-14 20:39:28,376  [INFO]    Predict: every 15 min (+3 min offset)
2026-04-14 20:39:28,376  [INFO]    Press Ctrl+C to stop
2026-04-14 20:39:28,376  [INFO]  =======================================================
2026-04-14 20:39:28,376  [INFO]  Running all jobs once on startup...
RSS: inserted 77 new articles across 4 feeds
GDELT latest: inserted 1368 events  (1368 parsed)
NewsAPI: inserted 34 headlines  (calls today: 3/95)
2026-04-14 20:39:33,510  [ERROR]  Failed to get ticker 'SPY' reason: Expecting value: line 1 column 1 (char 0)
2026-04-14 20:39:34,050  [ERROR]  
1 Failed download:
2026-04-14 20:39:34,053  [ERROR]  ['SPY']: JSONDecodeError('Expecting value: line 1 column 1 (char 0)')
2026-04-14 20:39:34,054  [ERROR]  Failed to get ticker 'SPY' reason: Expecting value: line 1 column 1 (char 0)
2026-04-14 20:39:34,540  [ERROR]  
1 Failed download:
2026-04-14 20:39:34,543  [ERROR]  ['SPY']: JSONDecodeError('Expecting value: line 1 column 1 (char 0)')
2026-04-14 20:39:34,543  [ERROR]  Failed to get ticker 'SPY' reason: Expecting value: line 1 column 1 (char 0)
2026-04-14 20:39:35,020  [ERROR]  
1 Failed download:
2026-04-14 20:39:35,023  [ERROR]  ['SPY']: JSONDecodeError('Expecting value: line 1 column 1 (char 0)')
Market: no data returned for SPY (SPY)
2026-04-14 20:39:35,486  [ERROR]  Failed to get ticker '^VIX' reason: Expecting value: line 1 column 1 (char 0)
2026-04-14 20:39:35,988  [ERROR]  
1 Failed download:
2026-04-14 20:39:35,988  [ERROR]  ['^VIX']: JSONDecodeError('Expecting value: line 1 column 1 (char 0)')
2026-04-14 20:39:35,989  [ERROR]  Failed to get ticker '^VIX' reason: Expecting value: line 1 column 1 (char 0)
2026-04-14 20:39:36,470  [ERROR]  
1 Failed download:
2026-04-14 20:39:36,471  [ERROR]  ['^VIX']: JSONDecodeError('Expecting value: line 1 column 1 (char 0)')
2026-04-14 20:39:36,471  [ERROR]  Failed to get ticker '^VIX' reason: Expecting value: line 1 column 1 (char 0)
2026-04-14 20:39:36,929  [ERROR]  
1 Failed download:
2026-04-14 20:39:36,929  [ERROR]  ['^VIX']: JSONDecodeError('Expecting value: line 1 column 1 (char 0)')
Market: no data returned for VIX (^VIX)
2026-04-14 20:39:37,424  [ERROR]  Failed to get ticker 'GLD' reason: Expecting value: line 1 column 1 (char 0)
2026-04-14 20:39:37,921  [ERROR]  
1 Failed download:
2026-04-14 20:39:37,921  [ERROR]  ['GLD']: JSONDecodeError('Expecting value: line 1 column 1 (char 0)')
2026-04-14 20:39:37,922  [ERROR]  Failed to get ticker 'GLD' reason: Expecting value: line 1 column 1 (char 0)
2026-04-14 20:39:38,407  [ERROR]  
1 Failed download:
2026-04-14 20:39:38,410  [ERROR]  ['GLD']: JSONDecodeError('Expecting value: line 1 column 1 (char 0)')
2026-04-14 20:39:38,411  [ERROR]  Failed to get ticker 'GLD' reason: Expecting value: line 1 column 1 (char 0)
2026-04-14 20:39:38,894  [ERROR]  
1 Failed download:
2026-04-14 20:39:38,897  [ERROR]  ['GLD']: JSONDecodeError('Expecting value: line 1 column 1 (char 0)')
Market: no data returned for GLD (GLD)
GTI [2026-04-14 15:09:38]  score=0.2698  level=LOW  conflicts=0  tone=0.00  vader=-0.198
Predict: Models not found: ['prediction/models/lgbm_volatility.pkl', 'prediction/models/lgbm_direction.pkl']
Run: python prediction/train.py
2026-04-14 20:39:38,937  [INFO]  Startup complete. Entering scheduled loop.
2026-04-14 20:39:38,939  [INFO]  Added job "RSS Fetcher" to job store "default"
2026-04-14 20:39:38,939  [INFO]  Added job "GDELT Fetcher" to job store "default"
2026-04-14 20:39:38,939  [INFO]  Added job "NewsAPI Fetcher" to job store "default"
2026-04-14 20:39:38,940  [INFO]  Added job "Market Fetcher" to job store "default"
2026-04-14 20:39:38,941  [INFO]  Added job "GTI Aggregator" to job store "default"
2026-04-14 20:39:38,941  [INFO]  Added job "Predictor" to job store "default"
2026-04-14 20:39:38,941  [INFO]  Scheduler started
